  Source.cpp
c:\users\nobody\source\repos\quest3prog2\quest3prog2\source.cpp(106): error C2601: 'main': local function definitions are illegal
  c:\users\nobody\source\repos\quest3prog2\quest3prog2\source.cpp(6): note: this line contains a '{' which has not yet been matched
c:\users\nobody\source\repos\quest3prog2\quest3prog2\source.cpp(108): error C2065: 'Fraction': undeclared identifier
c:\users\nobody\source\repos\quest3prog2\quest3prog2\source.cpp(108): error C2146: syntax error: missing ';' before identifier 'frac1'
c:\users\nobody\source\repos\quest3prog2\quest3prog2\source.cpp(108): error C2065: 'frac1': undeclared identifier
c:\users\nobody\source\repos\quest3prog2\quest3prog2\source.cpp(109): error C2065: 'Fraction': undeclared identifier
c:\users\nobody\source\repos\quest3prog2\quest3prog2\source.cpp(109): error C2146: syntax error: missing ';' before identifier 'frac2'
c:\users\nobody\source\repos\quest3prog2\quest3prog2\source.cpp(109): error C2065: 'frac2': undeclared identifier
c:\users\nobody\source\repos\quest3prog2\quest3prog2\source.cpp(110): error C2065: 'Fraction': undeclared identifier
c:\users\nobody\source\repos\quest3prog2\quest3prog2\source.cpp(110): error C2146: syntax error: missing ';' before identifier 'result'
c:\users\nobody\source\repos\quest3prog2\quest3prog2\source.cpp(110): error C2065: 'result': undeclared identifier
c:\users\nobody\source\repos\quest3prog2\quest3prog2\source.cpp(110): error C2065: 'a': undeclared identifier
c:\users\nobody\source\repos\quest3prog2\quest3prog2\source.cpp(113): error C2146: syntax error: missing ';' before identifier 'frac1'
c:\users\nobody\source\repos\quest3prog2\quest3prog2\source.cpp(113): error C2065: 'frac1': undeclared identifier
c:\users\nobody\source\repos\quest3prog2\quest3prog2\source.cpp(114): error C2065: 'frac1': undeclared identifier
c:\users\nobody\source\repos\quest3prog2\quest3prog2\source.cpp(115): error C2065: 'frac2': undeclared identifier
c:\users\nobody\source\repos\quest3prog2\quest3prog2\source.cpp(116): error C2065: 'frac2': undeclared identifier
c:\users\nobody\source\repos\quest3prog2\quest3prog2\source.cpp(119): error C2065: 'result': undeclared identifier
c:\users\nobody\source\repos\quest3prog2\quest3prog2\source.cpp(119): error C2065: 'frac1': undeclared identifier
c:\users\nobody\source\repos\quest3prog2\quest3prog2\source.cpp(119): error C2065: 'frac2': undeclared identifier
c:\users\nobody\source\repos\quest3prog2\quest3prog2\source.cpp(120): error C2065: 'frac1': undeclared identifier
c:\users\nobody\source\repos\quest3prog2\quest3prog2\source.cpp(122): error C2065: 'frac2': undeclared identifier
c:\users\nobody\source\repos\quest3prog2\quest3prog2\source.cpp(124): error C2065: 'result': undeclared identifier
c:\users\nobody\source\repos\quest3prog2\quest3prog2\source.cpp(127): error C2065: 'result': undeclared identifier
c:\users\nobody\source\repos\quest3prog2\quest3prog2\source.cpp(127): error C2065: 'frac1': undeclared identifier
c:\users\nobody\source\repos\quest3prog2\quest3prog2\source.cpp(127): error C2065: 'frac2': undeclared identifier
c:\users\nobody\source\repos\quest3prog2\quest3prog2\source.cpp(128): error C2065: 'frac1': undeclared identifier
c:\users\nobody\source\repos\quest3prog2\quest3prog2\source.cpp(130): error C2065: 'frac2': undeclared identifier
c:\users\nobody\source\repos\quest3prog2\quest3prog2\source.cpp(132): error C2065: 'result': undeclared identifier
c:\users\nobody\source\repos\quest3prog2\quest3prog2\source.cpp(135): error C2065: 'result': undeclared identifier
c:\users\nobody\source\repos\quest3prog2\quest3prog2\source.cpp(135): error C2065: 'frac1': undeclared identifier
c:\users\nobody\source\repos\quest3prog2\quest3prog2\source.cpp(135): error C2065: 'frac2': undeclared identifier
c:\users\nobody\source\repos\quest3prog2\quest3prog2\source.cpp(136): error C2065: 'frac1': undeclared identifier
c:\users\nobody\source\repos\quest3prog2\quest3prog2\source.cpp(138): error C2065: 'frac2': undeclared identifier
c:\users\nobody\source\repos\quest3prog2\quest3prog2\source.cpp(140): error C2065: 'result': undeclared identifier
c:\users\nobody\source\repos\quest3prog2\quest3prog2\source.cpp(143): error C2065: 'result': undeclared identifier
c:\users\nobody\source\repos\quest3prog2\quest3prog2\source.cpp(143): error C2065: 'frac1': undeclared identifier
c:\users\nobody\source\repos\quest3prog2\quest3prog2\source.cpp(143): error C2065: 'frac2': undeclared identifier
c:\users\nobody\source\repos\quest3prog2\quest3prog2\source.cpp(144): error C2065: 'frac1': undeclared identifier
c:\users\nobody\source\repos\quest3prog2\quest3prog2\source.cpp(146): error C2065: 'frac2': undeclared identifier
c:\users\nobody\source\repos\quest3prog2\quest3prog2\source.cpp(148): error C2065: 'result': undeclared identifier
